ARM GAS  1.s 			page 1


   1              	@	.thumb
   2              		.syntax unified
   3              		.section .text
   4              		@df04
   5 0000 A060     		str r0, [r4, # 8]
   6 0002 A360     		str r3, [r4, # 8]
   7              	
   8              		
   9              		@df84
  10              	aa:
  11 0004 FEE7     		b aa
  12 0006 0046     		mov r0, r0
  13              	
  14              		
  15              		@e6b0
  16              	bb:
  17 0008 FEE7     		b bb
  18 000a 0046     		mov r0, r0
  19              	
  20              		
  21              		@dffa
  22 000c C7F81848 		str r4, [r7, # 0x818]
  23 0010 C7F81828 		str r2, [r7, # 0x818]
  24              		
  25              		@de86
  26 0014 1860     		str r0, [r3]
  27 0016 1A60     		str r2, [r3]
  28              		
  29              		@ddac
  30 0018 2060     		str r0, [r4]
  31 001a 1B68     		ldr r3, [r3]
  32              		
  33              		@ddae
  34 001c 1B68     		ldr r3, [r3]
  35 001e 2360     		str r3, [r4]
  36              	
  37              		@dec6
  38 0020 5860     		str r0, [r3, # 4]
  39 0022 5A60     		str r2, [r3, # 4]
  40              	
  41              		@de16
  42 0024 9868     		ldr r0, [r3, # 8]
  43 0026 9A60     		str r2, [r3, # 8]
  44              		
  45              		@de18
  46 0028 9042     		cmp r0, r2
  47 002a 9242     		cmp r2, r2
  48              	
  49              		
ARM GAS  1.s 			page 2


DEFINED SYMBOLS
                 1.s:5      .text:00000000 $t
                 1.s:10     .text:00000004 aa
                 1.s:16     .text:00000008 bb

NO UNDEFINED SYMBOLS
